# Changelog

All notable changes to this project will be documented in this file.

The format is based on [Keep a Changelog](https://keepachangelog.com/en/1.0.0/),
and this project adheres to [Semantic Versioning](https://semver.org/spec/v2.0.0.html).

## [6.0.0] - 2024-09-05
### Added
- More readable code.
- `!shop` command.
- `%Multi <Number for multiply> {Only Admin Can Do This Command}`.
- After server restart, all delays will be reset, including the absen state.

### Changed
- Auto-refill for items bought from `!shop` and others after 12:00 PM.
- Absen function and Absen web will be set to TRUE after server restart.
- Point & Reputation from `!Absen` can now be multiplied customly.
- Punishment now can be multiplied customly.
- bug less.

### Moved
- `!buy` reactivated.
- moved all command to separated code.

### Removed
- Add Mabar & Mabar Command.


## [5.1.0] - 2023-06-26
### Changed
- Buffed the `!fight AI` stat: before random => now random + P1[0]stat.
- Added EXP & LVL to `!sell` to prevent errors while using `!buy pokemon` & `!setgacoan`.
- Added admin command `%AddStock` to reset potion, Training Ticket, and Elixir stock.
- Fixed `!fight` so that MaxHP will persist across fights.

## [5.0.1] - 2023-06-25
### Added
- New command `apakah`.

### Changed
- Added more notifications for Pokemon leveling up in `!fight AI`.
- Integrated EXP system for Pokemon fights in PvP & AI.

## [5.0.0] - 2023-06-24
### Added
- New items: Greatball, Ultraball, Masterball, Training Ticket.
- New command `!lepasgacoan`.

### Changed
- Nerfed Pokeball success rate from 80% to 50% in `!catch`.
- Greatball now has a success chance of 65%, Ultraball 85%, and Masterball 100%.
- `!buy` command now supports buying specific items such as Pokeballs and Training Tickets.
- Potion, Elixir, and Training Tickets now have stock limits, restocked daily.
- Potion is limited to 30/day, Elixir to 10/day, Training Tickets to 5/day.

### Fixed
- Fixed `!lepasgacoan` not removing the gacoan.
- Fixed `!setgacoan` not replacing the previous gacoan with a new one.
- Fixed `!use` command, preventing HP from exceeding MaxHP.

## [4.18.18] - 2023-06-20
### Added
- Leveling system for Pokemon.
- New items: Potion and Elixir.
- HP will now decrease for each battle and will be saved to gacoan.
- New commands `!use potion/elixir`.

### Changed
- MaxHP is now tied to Pokemon upon catching.
- Improved battle system for PvP with a 0.2 critical hit chance.

### Fixed
- Fixed issue with infinite HP when using Potion to exceed MaxHP.
- Fixed MaxHP inconsistencies after battle for both PvP and AI.

## [4.12.13] - 2023-06-18
### Added
- `!market` command.
- `!sell` command.

### Changed
- Improved `!buy` command to support purchasing either Pokeballs or Pokemon.

### Fixed
- Fixed issue with `!sell` not removing Pokemon from the pokedex.
- Fixed mapping issues with `!market` and `!buy` commands.

## [4.10.9] - 2023-06-15
### Added
- Simple Pokemon games.
- Commands `!catch`, `!pokeball`, `!cektas`, `!cekgacoan`, `!pokedex`, `!setgacoan`, `!fight AI`, `!fight PvP`, `!buy pokeball`.

### Changed
- Improved battle system to prevent HP from dropping below 0.

### Fixed
- Fixed issues with `!catch` not saving Pokemon statuses in Firebase.
- Fixed `!pokeball` delay to 60 seconds (previously 0).
- Fixed array mappings for `!cektas` and `!cekgacoan`.

## [3.0.5] - 2023-06-07
### Added
- Commands `!togel`, `!slot`, `!nama`, `!ribut`, `!kirim point`, `!stat`, `!pap`.

### Fixed
- Fixed bugs in `!hentai`, `!berita`, and `!kirim point` commands.

## [2.0.0] - 2023-06-03
### Added
- Point and Reputation system for each chat.
- Firebase connection.
- Commands `!mabar`, `!ping`, `!info cuaca`, `!info mabar`.

### Changed
- Toxic words will now incur a penalty of -25,000 points and -100 reputation.

## [1.0.0] - 2023-06-01
### Added
- Toxic word warning system.
- Commands `!help`, `!rules`, `!berita`, `!cuaca`, `!doa`, `!rate`, `!quotes`, `!hentai`.
